2023-05-30T04:25:53 (asr.sh:277:main) ./asr.sh --local_data_opts --stage 1 --stage 3 --stop_stage 13 --ngpu 1 --nj 40 --inference_nj 40 --use_lm false --token_type bpe --nbpe 500 --feats_type raw --asr_config conf/train_asr.yaml --inference_config conf/decode_asr.yaml --train_set train_nodev --valid_set train_dev --test_sets test --inference_asr_model valid.acc.best.pth
2023-05-30T04:25:54 (asr.sh:559:main) Skipped stages:  6 7 8 9 14 15 16 
2023-05-30T04:25:54 (asr.sh:609:main) Stage 3: Format wav.scp: data/ -> dump/raw
utils/copy_data_dir.sh: copied data from data/train_nodev to dump/raw/org/train_nodev
utils/validate_data_dir.sh: WARNING: you have only one speaker.  This probably a bad idea.
   Search for the word 'bold' in http://kaldi-asr.org/doc/data_prep.html
   for more information.
utils/validate_data_dir.sh: Successfully validated data-directory dump/raw/org/train_nodev
2023-05-30T04:25:55 (format_wav_scp.sh:45:main) scripts/audio/format_wav_scp.sh --nj 40 --cmd run.pl --audio-format flac --fs 16k --segments data/train_nodev/segments --multi-columns-input false --multi-columns-output false data/train_nodev/wav.scp dump/raw/org/train_nodev
2023-05-30T04:25:56 (format_wav_scp.sh:96:main) [info]: using data/train_nodev/segments
2023-05-30T04:26:04 (format_wav_scp.sh:152:main) Successfully finished. [elapsed=9s]
utils/copy_data_dir.sh: copied data from data/train_dev to dump/raw/org/train_dev
utils/validate_data_dir.sh: WARNING: you have only one speaker.  This probably a bad idea.
   Search for the word 'bold' in http://kaldi-asr.org/doc/data_prep.html
   for more information.
utils/validate_data_dir.sh: Successfully validated data-directory dump/raw/org/train_dev
2023-05-30T04:26:04 (format_wav_scp.sh:45:main) scripts/audio/format_wav_scp.sh --nj 40 --cmd run.pl --audio-format flac --fs 16k --segments data/train_dev/segments --multi-columns-input false --multi-columns-output false data/train_dev/wav.scp dump/raw/org/train_dev
2023-05-30T04:26:05 (format_wav_scp.sh:96:main) [info]: using data/train_dev/segments
2023-05-30T04:26:06 (format_wav_scp.sh:152:main) Successfully finished. [elapsed=2s]
utils/copy_data_dir.sh: copied data from data/test to dump/raw/test
utils/validate_data_dir.sh: WARNING: you have only one speaker.  This probably a bad idea.
   Search for the word 'bold' in http://kaldi-asr.org/doc/data_prep.html
   for more information.
utils/validate_data_dir.sh: Successfully validated data-directory dump/raw/test
2023-05-30T04:26:06 (format_wav_scp.sh:45:main) scripts/audio/format_wav_scp.sh --nj 40 --cmd run.pl --audio-format flac --fs 16k --segments data/test/segments --multi-columns-input false --multi-columns-output false data/test/wav.scp dump/raw/test
2023-05-30T04:26:07 (format_wav_scp.sh:96:main) [info]: using data/test/segments
2023-05-30T04:26:11 (format_wav_scp.sh:152:main) Successfully finished. [elapsed=5s]
2023-05-30T04:26:11 (asr.sh:794:main) Stage 4: Remove long/short data: dump/raw/org -> dump/raw
utils/copy_data_dir.sh: copied data from dump/raw/org/train_nodev to dump/raw/train_nodev
utils/validate_data_dir.sh: WARNING: you have only one speaker.  This probably a bad idea.
   Search for the word 'bold' in http://kaldi-asr.org/doc/data_prep.html
   for more information.
utils/validate_data_dir.sh: Successfully validated data-directory dump/raw/train_nodev
fix_data_dir.sh: kept 966 utterances out of 1028
fix_data_dir.sh: old files are kept in dump/raw/train_nodev/.backup
utils/copy_data_dir.sh: copied data from dump/raw/org/train_dev to dump/raw/train_dev
utils/validate_data_dir.sh: WARNING: you have only one speaker.  This probably a bad idea.
   Search for the word 'bold' in http://kaldi-asr.org/doc/data_prep.html
   for more information.
utils/validate_data_dir.sh: Successfully validated data-directory dump/raw/train_dev
fix_data_dir.sh: kept all 1 utterances.
fix_data_dir.sh: old files are kept in dump/raw/train_dev/.backup
2023-05-30T04:26:12 (asr.sh:872:main) Stage 5: Generate token_list from dump/raw/org/train_nodev/text using BPE
2023-05-30T04:26:12 (asr.sh:1182:main) Stage 10: ASR collect stats: train_set=dump/raw/train_nodev, valid_set=dump/raw/train_dev
2023-05-30T04:26:12 (asr.sh:1233:main) Generate 'exp/asr_stats_raw_bpe500/run.sh'. You can resume the process from stage 10 using this script
2023-05-30T04:26:13 (asr.sh:1237:main) ASR collect-stats started... log: 'exp/asr_stats_raw_bpe500/logdir/stats.*.log'
2023-05-30T04:26:43 (asr.sh:1295:main) Stage 11: ASR Training: train_set=dump/raw/train_nodev, valid_set=dump/raw/train_dev
2023-05-30T04:26:43 (asr.sh:1387:main) Generate 'exp/asr_train_asr_raw_bpe500/run.sh'. You can resume the process from stage 11 using this script
2023-05-30T04:26:43 (asr.sh:1391:main) ASR training started... log: 'exp/asr_train_asr_raw_bpe500/train.log'
2023-05-30T04:29:15 (asr.sh:1460:main) Stage 12: Decoding: training_dir=exp/asr_train_asr_raw_bpe500
2023-05-30T04:29:15 (asr.sh:1488:main) Generate 'exp/asr_train_asr_raw_bpe500/decode_asr_asr_model_valid.acc.best/run.sh'. You can resume the process from stage 12 using this script
2023-05-30T04:29:15 (asr.sh:1553:main) Decoding started... log: 'exp/asr_train_asr_raw_bpe500/decode_asr_asr_model_valid.acc.best/test/logdir/asr_inference.*.log'
2023-05-30T04:36:11 (asr.sh:1569:main) Calculating RTF & latency... log: 'exp/asr_train_asr_raw_bpe500/decode_asr_asr_model_valid.acc.best/test/logdir/calculate_rtf.log'
2023-05-30T04:36:11 (asr.sh:1601:main) Stage 13: Scoring
2023-05-30T04:36:26 (asr.sh:1687:main) Write cer result in exp/asr_train_asr_raw_bpe500/decode_asr_asr_model_valid.acc.best/test/score_cer/result.txt
|  SPKR      |  # Snt    # Wrd  |  Corr      Sub      Del      Ins       Err     S.Err  |
|  Sum/Avg   |   115      5021  |  94.9      5.1      0.0    1848.3    1853.4    100.0  |
2023-05-30T04:37:46 (asr.sh:1687:main) Write wer result in exp/asr_train_asr_raw_bpe500/decode_asr_asr_model_valid.acc.best/test/score_wer/result.txt
|  SPKR      |  # Snt   # Wrd  |  Corr      Sub       Del      Ins       Err     S.Err  |
|  Sum/Avg   |   115      786  |   2.9     97.1       0.0    1876.1    1973.2    100.0  |
2023-05-30T04:37:55 (asr.sh:1687:main) Write ter result in exp/asr_train_asr_raw_bpe500/decode_asr_asr_model_valid.acc.best/test/score_ter/result.txt
|  SPKR      |  # Snt    # Wrd  |  Corr      Sub       Del      Ins      Err     S.Err  |
|  Sum/Avg   |   115      1957  |   9.8     90.0       0.2    982.6    1072.8    100.0  |
<!-- Generated by scripts/utils/show_asr_result.sh -->
# RESULTS
## Environments
- date: `Tue May 30 04:37:56 PDT 2023`
- python version: `3.9.16 (main, Mar  8 2023, 14:00:05)  [GCC 11.2.0]`
- espnet version: `espnet 202304`
- pytorch version: `pytorch 2.0.1+cu117`
- Git hash: ``
  - Commit date: ``

## exp/asr_train_asr_raw_bpe500
### WER

|dataset|Snt|Wrd|Corr|Sub|Del|Ins|Err|S.Err|
|---|---|---|---|---|---|---|---|---|
|decode_asr_asr_model_valid.acc.best/test|115|786|2.9|97.1|0.0|1876.1|1973.2|100.0|

### CER

|dataset|Snt|Wrd|Corr|Sub|Del|Ins|Err|S.Err|
|---|---|---|---|---|---|---|---|---|
|decode_asr_asr_model_valid.acc.best/test|115|5021|94.9|5.1|0.0|1848.3|1853.4|100.0|

### TER

|dataset|Snt|Wrd|Corr|Sub|Del|Ins|Err|S.Err|
|---|---|---|---|---|---|---|---|---|
|decode_asr_asr_model_valid.acc.best/test|115|1957|9.8|90.0|0.2|982.6|1072.8|100.0|

2023-05-30T04:37:59 (asr.sh:1838:main) Successfully finished. [elapsed=726s]
